<?xml version="1.0" encoding="UTF-8"?>
<!-- Generated by org.testng.reporters.JUnitXMLReporter -->
<testsuite hostname="HP-Pavilion" ignored="0" name="ChromeTest" tests="1" failures="1" timestamp="2021-02-05T16:51:26 IST" time="71.397" errors="0">
  <testcase name="TC1" time="70.52" classname="Date5FebTestng.Democross">
    <failure type="org.openqa.selenium.WebDriverException" message="unknown error: DevToolsActivePort file doesn&amp;apos;t exist
Build info: version: &amp;apos;3.141.59&amp;apos;, revision: &amp;apos;e82be7d358&amp;apos;, time: &amp;apos;2018-11-14T08:25:53&amp;apos;
System info: host: &amp;apos;HP-PAVILION&amp;apos;, ip: &amp;apos;192.168.43.241&amp;apos;, os.name: &amp;apos;Windows 10&amp;apos;, os.arch: &amp;apos;amd64&amp;apos;, os.version: &amp;apos;10.0&amp;apos;, java.version: &amp;apos;1.8.0_261&amp;apos;
Driver info: driver.version: ChromeDriver
remote stacktrace: Backtrace:
	Ordinal0 [0x0058C0C3+3326147]
	Ordinal0 [0x00470851+2164817]
	Ordinal0 [0x002F7298+619160]
	Ordinal0 [0x0027118E+70030]
	Ordinal0 [0x0026DF31+57137]
	Ordinal0 [0x0026C38A+50058]
	Ordinal0 [0x00295F3E+220990]
	Ordinal0 [0x00295CAC+220332]
	Ordinal0 [0x0029189B+202907]
	Ordinal0 [0x00273DF4+81396]
	Ordinal0 [0x00274DEE+85486]
	Ordinal0 [0x00274D79+85369]
	Ordinal0 [0x004885DC+2262492]
	GetHandleVerifier [0x00712874+1487204]
	GetHandleVerifier [0x007123CD+1486013]
	GetHandleVerifier [0x0071A368+1518680]
	GetHandleVerifier [0x00712F4E+1488958]
	Ordinal0 [0x0047ED0D+2223373]
	Ordinal0 [0x0048A12B+2269483]
	Ordinal0 [0x0048A26F+2269807]
	Ordinal0 [0x0049ECB8+2354360]
	BaseThreadInitThunk [0x76ECFA29+25]
	RtlGetAppContainerNamedObjectPath [0x77C075F4+228]
	RtlGetAppContainerNamedObjectPath [0x77C075C4+180]
">
      <![CDATA[org.openqa.selenium.WebDriverException: unknown error: DevToolsActivePort file doesn't exist
Build info: version: '3.141.59', revision: 'e82be7d358', time: '2018-11-14T08:25:53'
System info: host: 'HP-PAVILION', ip: '192.168.43.241', os.name: 'Windows 10', os.arch: 'amd64', os.version: '10.0', java.version: '1.8.0_261'
Driver info: driver.version: ChromeDriver
remote stacktrace: Backtrace:
Ordinal0 [0x0058C0C3+3326147]
Ordinal0 [0x00470851+2164817]
Ordinal0 [0x002F7298+619160]
Ordinal0 [0x0027118E+70030]
Ordinal0 [0x0026DF31+57137]
Ordinal0 [0x0026C38A+50058]
Ordinal0 [0x00295F3E+220990]
Ordinal0 [0x00295CAC+220332]
Ordinal0 [0x0029189B+202907]
Ordinal0 [0x00273DF4+81396]
Ordinal0 [0x00274DEE+85486]
Ordinal0 [0x00274D79+85369]
Ordinal0 [0x004885DC+2262492]
GetHandleVerifier [0x00712874+1487204]
GetHandleVerifier [0x007123CD+1486013]
GetHandleVerifier [0x0071A368+1518680]
GetHandleVerifier [0x00712F4E+1488958]
Ordinal0 [0x0047ED0D+2223373]
Ordinal0 [0x0048A12B+2269483]
Ordinal0 [0x0048A26F+2269807]
Ordinal0 [0x0049ECB8+2354360]
BaseThreadInitThunk [0x76ECFA29+25]
RtlGetAppContainerNamedObjectPath [0x77C075F4+228]
RtlGetAppContainerNamedObjectPath [0x77C075C4+180]

at org.openqa.selenium.remote.W3CHandshakeResponse.lambda$errorHandler$0(W3CHandshakeResponse.java:62)
at org.openqa.selenium.remote.HandshakeResponse.lambda$getResponseFunction$0(HandshakeResponse.java:30)
at org.openqa.selenium.remote.ProtocolHandshake.lambda$createSession$0(ProtocolHandshake.java:126)
at java.util.stream.ReferencePipeline$3$1.accept(Unknown Source)
at java.util.Spliterators$ArraySpliterator.tryAdvance(Unknown Source)
at java.util.stream.ReferencePipeline.forEachWithCancel(Unknown Source)
at java.util.stream.AbstractPipeline.copyIntoWithCancel(Unknown Source)
at java.util.stream.AbstractPipeline.copyInto(Unknown Source)
at java.util.stream.AbstractPipeline.wrapAndCopyInto(Unknown Source)
at java.util.stream.FindOps$FindOp.evaluateSequential(Unknown Source)
at java.util.stream.AbstractPipeline.evaluate(Unknown Source)
at java.util.stream.ReferencePipeline.findFirst(Unknown Source)
at org.openqa.selenium.remote.ProtocolHandshake.createSession(ProtocolHandshake.java:128)
at org.openqa.selenium.remote.ProtocolHandshake.createSession(ProtocolHandshake.java:74)
at org.openqa.selenium.remote.HttpCommandExecutor.execute(HttpCommandExecutor.java:136)
at org.openqa.selenium.remote.service.DriverCommandExecutor.execute(DriverCommandExecutor.java:83)
at org.openqa.selenium.remote.RemoteWebDriver.execute(RemoteWebDriver.java:552)
at org.openqa.selenium.remote.RemoteWebDriver.startSession(RemoteWebDriver.java:213)
at org.openqa.selenium.remote.RemoteWebDriver.<init>(RemoteWebDriver.java:131)
at org.openqa.selenium.chrome.ChromeDriver.<init>(ChromeDriver.java:181)
at org.openqa.selenium.chrome.ChromeDriver.<init>(ChromeDriver.java:168)
at org.openqa.selenium.chrome.ChromeDriver.<init>(ChromeDriver.java:123)
at Date5FebTestng.Democross.TC1(Democross.java:21)
at java.util.ArrayList.forEach(Unknown Source)
at java.util.concurrent.FutureTask.run(Unknown Source)
at java.util.concurrent.ThreadPoolExecutor.runWorker(Unknown Source)
at java.util.concurrent.ThreadPoolExecutor$Worker.run(Unknown Source)
at java.lang.Thread.run(Unknown Source)
... Removed 22 stack frames]]>
    </failure>
  </testcase> <!-- TC1 -->
</testsuite> <!-- ChromeTest -->
